INFO [2020-01-07 12:03:43] $x
INFO [2020-01-07 12:03:43] list(fALFF = df2$Gene, ReHo = df3$Gene)
INFO [2020-01-07 12:03:43] 
INFO [2020-01-07 12:03:43] $filename
INFO [2020-01-07 12:03:43] NULL
INFO [2020-01-07 12:03:43] 
INFO [2020-01-07 12:03:43] $fill
INFO [2020-01-07 12:03:43] c("green", "magenta")
INFO [2020-01-07 12:03:43] 
INFO [2020-01-07 12:03:43] $alpha
INFO [2020-01-07 12:03:43] [1] 0.5
INFO [2020-01-07 12:03:43] 
INFO [2020-01-07 12:03:43] $cex
INFO [2020-01-07 12:03:43] [1] 1
INFO [2020-01-07 12:03:43] 
INFO [2020-01-07 12:03:43] $fontfamily
INFO [2020-01-07 12:03:43] [1] "serif"
INFO [2020-01-07 12:03:43] 
INFO [2020-01-07 12:03:43] $cat.cex
INFO [2020-01-07 12:03:43] [1] 1.5
INFO [2020-01-07 12:03:43] 
INFO [2020-01-07 12:03:43] $cat.fontfamily
INFO [2020-01-07 12:03:43] [1] "serif"
INFO [2020-01-07 12:03:43] 
INFO [2020-01-07 12:03:43] $cat.dist
INFO [2020-01-07 12:03:43] [1] 0.2
INFO [2020-01-07 12:03:43] 
INFO [2020-01-07 12:03:43] $margin
INFO [2020-01-07 12:03:43] [1] 0.2
INFO [2020-01-07 12:03:43] 
INFO [2020-01-07 12:03:43] $lty
INFO [2020-01-07 12:03:43] [1] "dashed"
INFO [2020-01-07 12:03:43] 
