INFO [2020-01-07 12:03:18] $x
INFO [2020-01-07 12:03:18] list(fALFF = df2$Gene, ReHo = df3$Gene)
INFO [2020-01-07 12:03:18] 
INFO [2020-01-07 12:03:18] $filename
INFO [2020-01-07 12:03:18] NULL
INFO [2020-01-07 12:03:18] 
INFO [2020-01-07 12:03:18] $fill
INFO [2020-01-07 12:03:18] c("green", "magenta")
INFO [2020-01-07 12:03:18] 
INFO [2020-01-07 12:03:18] $alpha
INFO [2020-01-07 12:03:18] [1] 0.5
INFO [2020-01-07 12:03:18] 
INFO [2020-01-07 12:03:18] $cex
INFO [2020-01-07 12:03:18] [1] 1
INFO [2020-01-07 12:03:18] 
INFO [2020-01-07 12:03:18] $fontfamily
INFO [2020-01-07 12:03:18] [1] "serif"
INFO [2020-01-07 12:03:18] 
INFO [2020-01-07 12:03:18] $cat.cex
INFO [2020-01-07 12:03:18] [1] 1.5
INFO [2020-01-07 12:03:18] 
INFO [2020-01-07 12:03:18] $cat.fontfamily
INFO [2020-01-07 12:03:18] [1] "serif"
INFO [2020-01-07 12:03:18] 
INFO [2020-01-07 12:03:18] $cat.dist
INFO [2020-01-07 12:03:18] [1] 0.2
INFO [2020-01-07 12:03:18] 
INFO [2020-01-07 12:03:18] $margin
INFO [2020-01-07 12:03:18] [1] 0.2
INFO [2020-01-07 12:03:18] 
INFO [2020-01-07 12:03:18] $lty
INFO [2020-01-07 12:03:18] [1] "dashed"
INFO [2020-01-07 12:03:18] 
